<?xml version="1.0" encoding="UTF-8"?>
<!-- Generated by org.testng.reporters.JUnitReportReporter -->
<testsuite name="UiTests.SignInPageTest" tests="3" time="3.439" ignored="0" failures="0" timestamp="03 Sep 2021 03:52:11 GMT" skipped="0" hostname="DESKTOP-8UMI3GL" errors="0">
  <testcase name="testWithExistingEmail" time="0.797" classname="UiTests.SignInPageTest"/>
  <testcase name="testWithEmptyEmail" time="0.885" classname="UiTests.SignInPageTest"/>
  <testcase name="testWithProperData" time="1.757" classname="UiTests.SignInPageTest"/>
</testsuite> <!-- UiTests.SignInPageTest -->
