<?xml version="1.0" encoding="UTF-8"?>
<!-- Generated by org.testng.reporters.JUnitReportReporter -->
<testsuite name="UiTests.CreateAccountPageTest" tests="2" time="6.328" ignored="0" failures="0" timestamp="03 Sep 2021 03:52:11 GMT" skipped="0" hostname="DESKTOP-8UMI3GL" errors="0">
  <testcase name="testCreateAccountWithProperInformation" time="2.718" classname="UiTests.CreateAccountPageTest"/>
  <testcase name="testFieldValidations" time="3.610" classname="UiTests.CreateAccountPageTest"/>
</testsuite> <!-- UiTests.CreateAccountPageTest -->
