<?xml version="1.0" encoding="UTF-8"?>
<!-- Generated by org.testng.reporters.JUnitReportReporter -->
<testsuite name="UiTests.LoginTest" tests="4" time="7.572" ignored="0" failures="0" timestamp="03 Sep 2021 03:52:11 GMT" skipped="0" hostname="DESKTOP-8UMI3GL" errors="0">
  <testcase name="testSuccessfulLogin" time="2.960" classname="UiTests.LoginTest"/>
  <testcase name="loginPage" time="0.096" classname="UiTests.LoginTest"/>
  <testcase name="testInvalidCredentials" time="1.435" classname="UiTests.LoginTest"/>
  <testcase name="testLoginWithoutCredentials" time="3.081" classname="UiTests.LoginTest"/>
</testsuite> <!-- UiTests.LoginTest -->
